<?xml version="1.0" encoding="UTF-8"?>
<!-- Generated by org.testng.reporters.JUnitXMLReporter -->
<testsuite ignored="0" hostname="LTB0218788-Mac-ad22" failures="0" tests="3" name="NearPayInterviewTest1" time="10.173" errors="0" timestamp="20 Jun 2020 15:53:51 GMT">
  <testcase classname="com.ct.qa.testcases.LoginPageTest" name="openLoginPageTest" time="1.585"/>
  <testcase classname="com.ct.qa.testcases.LoginPageTest" name="loginPageTitleTest" time="0.946"/>
  <testcase classname="com.ct.qa.testcases.LoginPageTest" name="loginTest" time="0.853"/>
</testsuite> <!-- NearPayInterviewTest1 -->
