<?xml version="1.0" encoding="UTF-8"?>
<!-- Generated by org.testng.reporters.JUnitXMLReporter -->
<testsuite ignored="0" hostname="LTB0218788-Mac-ad22" failures="0" tests="5" name="NearPayInterviewTest2" time="52.826" errors="0" timestamp="20 Jun 2020 15:54:44 GMT">
  <testcase classname="com.ct.qa.testcases.OneWaySearchTest" name="doFromAndToInputTest" time="17.997"/>
  <testcase classname="com.ct.qa.testcases.OneWaySearchTest" name="doDateSelectionTest" time="0.884"/>
  <testcase classname="com.ct.qa.testcases.OneWaySearchTest" name="doPassangerInputTest" time="0.225"/>
  <testcase classname="com.ct.qa.testcases.OneWaySearchTest" name="searchFlightTest" time="0.137"/>
  <testcase classname="com.ct.qa.testcases.OneWaySearchTest" name="isListingPageLoaded" time="20.67"/>
</testsuite> <!-- NearPayInterviewTest2 -->
