<?xml version="1.0" encoding="UTF-8"?>
<!-- Generated by org.testng.reporters.JUnitXMLReporter -->
<testsuite ignored="0" hostname="LTB0218788-Mac-ad22" failures="0" tests="9" name="NearPayInterviewTest3" time="54.487" errors="0" timestamp="20 Jun 2020 15:55:39 GMT">
  <testcase classname="com.ct.qa.testcases.OneWaySearchTestForLoginUser" name="openLoginPageTest" time="0.241"/>
  <testcase classname="com.ct.qa.testcases.OneWaySearchTestForLoginUser" name="loginPageTitleTest" time="1.158"/>
  <testcase classname="com.ct.qa.testcases.OneWaySearchTestForLoginUser" name="loginTest" time="0.321"/>
  <testcase classname="com.ct.qa.testcases.OneWaySearchTestForLoginUser" name="isUserLogin" time="9.263"/>
  <testcase classname="com.ct.qa.testcases.OneWaySearchTestForLoginUser" name="doFromAndToInputTest" time="6.143"/>
  <testcase classname="com.ct.qa.testcases.OneWaySearchTestForLoginUser" name="doDateSelectionTest" time="0.815"/>
  <testcase classname="com.ct.qa.testcases.OneWaySearchTestForLoginUser" name="doPassangerInputTest" time="0.23"/>
  <testcase classname="com.ct.qa.testcases.OneWaySearchTestForLoginUser" name="searchFlightTest" time="5.16"/>
  <testcase classname="com.ct.qa.testcases.OneWaySearchTestForLoginUser" name="isListingPageLoaded" time="23.195"/>
</testsuite> <!-- NearPayInterviewTest3 -->
