<?xml version="1.0" encoding="UTF-8"?>
<testng-results ignored="0" total="17" passed="17" failed="0" skipped="0">
  <reporter-output>
  </reporter-output>
  <suite started-at="2020-06-20T15:55:39Z" name="TestNG NearPay suite" finished-at="2020-06-20T15:55:39Z" duration-ms="0">
    <groups>
    </groups>
  </suite> <!-- TestNG NearPay suite -->
  <suite started-at="2020-06-20T15:53:41Z" name="Test Automation Test Suite" finished-at="2020-06-20T15:55:38Z" duration-ms="117679">
    <groups>
    </groups>
    <test started-at="2020-06-20T15:53:41Z" name="NearPayInterviewTest1" finished-at="2020-06-20T15:53:51Z" duration-ms="10173">
      <class name="com.ct.qa.testcases.LoginPageTest">
        <test-method is-config="true" signature="setUp()[pri:0, instance:com.ct.qa.testcases.LoginPageTest@43738a82]" started-at="2020-06-20T21:23:41Z" name="setUp" finished-at="2020-06-20T21:23:47Z" duration-ms="6668" status="PASS">
          <reporter-output>
          </reporter-output>
        </test-method> <!-- setUp -->
        <test-method signature="openLoginPageTest()[pri:1, instance:com.ct.qa.testcases.LoginPageTest@43738a82]" started-at="2020-06-20T21:23:47Z" name="openLoginPageTest" finished-at="2020-06-20T21:23:49Z" duration-ms="1585" status="PASS">
          <reporter-output>
          </reporter-output>
        </test-method> <!-- openLoginPageTest -->
        <test-method signature="loginPageTitleTest()[pri:2, instance:com.ct.qa.testcases.LoginPageTest@43738a82]" started-at="2020-06-20T21:23:49Z" name="loginPageTitleTest" finished-at="2020-06-20T21:23:50Z" duration-ms="946" status="PASS">
          <reporter-output>
          </reporter-output>
        </test-method> <!-- loginPageTitleTest -->
        <test-method signature="loginTest()[pri:3, instance:com.ct.qa.testcases.LoginPageTest@43738a82]" started-at="2020-06-20T21:23:50Z" name="loginTest" finished-at="2020-06-20T21:23:51Z" duration-ms="853" status="PASS">
          <reporter-output>
          </reporter-output>
        </test-method> <!-- loginTest -->
        <test-method is-config="true" signature="tearDown()[pri:0, instance:com.ct.qa.testcases.LoginPageTest@43738a82]" started-at="2020-06-20T21:23:51Z" name="tearDown" finished-at="2020-06-20T21:23:51Z" duration-ms="106" status="PASS">
          <reporter-output>
          </reporter-output>
        </test-method> <!-- tearDown -->
      </class> <!-- com.ct.qa.testcases.LoginPageTest -->
    </test> <!-- NearPayInterviewTest1 -->
    <test started-at="2020-06-20T15:53:51Z" name="NearPayInterviewTest2" finished-at="2020-06-20T15:54:44Z" duration-ms="52826">
      <class name="com.ct.qa.testcases.OneWaySearchTest">
        <test-method is-config="true" signature="setUp()[pri:0, instance:com.ct.qa.testcases.OneWaySearchTest@4c762604]" started-at="2020-06-20T21:23:51Z" name="setUp" finished-at="2020-06-20T21:24:04Z" duration-ms="12806" status="PASS">
          <reporter-output>
          </reporter-output>
        </test-method> <!-- setUp -->
        <test-method signature="doFromAndToInputTest()[pri:1, instance:com.ct.qa.testcases.OneWaySearchTest@4c762604]" started-at="2020-06-20T21:24:04Z" name="doFromAndToInputTest" finished-at="2020-06-20T21:24:22Z" duration-ms="17997" status="PASS">
          <reporter-output>
          </reporter-output>
        </test-method> <!-- doFromAndToInputTest -->
        <test-method signature="doDateSelectionTest()[pri:2, instance:com.ct.qa.testcases.OneWaySearchTest@4c762604]" started-at="2020-06-20T21:24:22Z" name="doDateSelectionTest" finished-at="2020-06-20T21:24:23Z" duration-ms="884" status="PASS">
          <reporter-output>
          </reporter-output>
        </test-method> <!-- doDateSelectionTest -->
        <test-method signature="doPassangerInputTest()[pri:3, instance:com.ct.qa.testcases.OneWaySearchTest@4c762604]" started-at="2020-06-20T21:24:23Z" name="doPassangerInputTest" finished-at="2020-06-20T21:24:23Z" duration-ms="225" status="PASS">
          <reporter-output>
          </reporter-output>
        </test-method> <!-- doPassangerInputTest -->
        <test-method signature="searchFlightTest()[pri:4, instance:com.ct.qa.testcases.OneWaySearchTest@4c762604]" started-at="2020-06-20T21:24:23Z" name="searchFlightTest" finished-at="2020-06-20T21:24:23Z" duration-ms="137" status="PASS">
          <reporter-output>
          </reporter-output>
        </test-method> <!-- searchFlightTest -->
        <test-method signature="isListingPageLoaded()[pri:5, instance:com.ct.qa.testcases.OneWaySearchTest@4c762604]" started-at="2020-06-20T21:24:23Z" name="isListingPageLoaded" finished-at="2020-06-20T21:24:44Z" duration-ms="20670" status="PASS">
          <reporter-output>
          </reporter-output>
        </test-method> <!-- isListingPageLoaded -->
        <test-method is-config="true" signature="tearDown()[pri:0, instance:com.ct.qa.testcases.OneWaySearchTest@4c762604]" started-at="2020-06-20T21:24:44Z" name="tearDown" finished-at="2020-06-20T21:24:44Z" duration-ms="105" status="PASS">
          <reporter-output>
          </reporter-output>
        </test-method> <!-- tearDown -->
      </class> <!-- com.ct.qa.testcases.OneWaySearchTest -->
    </test> <!-- NearPayInterviewTest2 -->
    <test started-at="2020-06-20T15:54:44Z" name="NearPayInterviewTest3" finished-at="2020-06-20T15:55:38Z" duration-ms="54487">
      <class name="com.ct.qa.testcases.OneWaySearchTestForLoginUser">
        <test-method is-config="true" signature="setUp()[pri:0, instance:com.ct.qa.testcases.OneWaySearchTestForLoginUser@319b92f3]" started-at="2020-06-20T21:24:44Z" name="setUp" finished-at="2020-06-20T21:24:52Z" duration-ms="7846" status="PASS">
          <reporter-output>
          </reporter-output>
        </test-method> <!-- setUp -->
        <test-method signature="openLoginPageTest()[pri:1, instance:com.ct.qa.testcases.OneWaySearchTestForLoginUser@319b92f3]" started-at="2020-06-20T21:24:52Z" name="openLoginPageTest" finished-at="2020-06-20T21:24:52Z" duration-ms="241" status="PASS">
          <reporter-output>
          </reporter-output>
        </test-method> <!-- openLoginPageTest -->
        <test-method signature="loginPageTitleTest()[pri:2, instance:com.ct.qa.testcases.OneWaySearchTestForLoginUser@319b92f3]" started-at="2020-06-20T21:24:52Z" name="loginPageTitleTest" finished-at="2020-06-20T21:24:53Z" duration-ms="1158" status="PASS">
          <reporter-output>
          </reporter-output>
        </test-method> <!-- loginPageTitleTest -->
        <test-method signature="loginTest()[pri:3, instance:com.ct.qa.testcases.OneWaySearchTestForLoginUser@319b92f3]" started-at="2020-06-20T21:24:53Z" name="loginTest" finished-at="2020-06-20T21:24:53Z" duration-ms="321" status="PASS">
          <reporter-output>
          </reporter-output>
        </test-method> <!-- loginTest -->
        <test-method signature="isUserLogin()[pri:4, instance:com.ct.qa.testcases.OneWaySearchTestForLoginUser@319b92f3]" started-at="2020-06-20T21:24:53Z" name="isUserLogin" finished-at="2020-06-20T21:25:03Z" duration-ms="9263" status="PASS">
          <reporter-output>
          </reporter-output>
        </test-method> <!-- isUserLogin -->
        <test-method signature="doFromAndToInputTest()[pri:5, instance:com.ct.qa.testcases.OneWaySearchTestForLoginUser@319b92f3]" started-at="2020-06-20T21:25:03Z" name="doFromAndToInputTest" finished-at="2020-06-20T21:25:09Z" duration-ms="6143" status="PASS">
          <reporter-output>
          </reporter-output>
        </test-method> <!-- doFromAndToInputTest -->
        <test-method signature="doDateSelectionTest()[pri:6, instance:com.ct.qa.testcases.OneWaySearchTestForLoginUser@319b92f3]" started-at="2020-06-20T21:25:09Z" name="doDateSelectionTest" finished-at="2020-06-20T21:25:10Z" duration-ms="815" status="PASS">
          <reporter-output>
          </reporter-output>
        </test-method> <!-- doDateSelectionTest -->
        <test-method signature="doPassangerInputTest()[pri:7, instance:com.ct.qa.testcases.OneWaySearchTestForLoginUser@319b92f3]" started-at="2020-06-20T21:25:10Z" name="doPassangerInputTest" finished-at="2020-06-20T21:25:10Z" duration-ms="230" status="PASS">
          <reporter-output>
          </reporter-output>
        </test-method> <!-- doPassangerInputTest -->
        <test-method signature="searchFlightTest()[pri:8, instance:com.ct.qa.testcases.OneWaySearchTestForLoginUser@319b92f3]" started-at="2020-06-20T21:25:10Z" name="searchFlightTest" finished-at="2020-06-20T21:25:15Z" duration-ms="5160" status="PASS">
          <reporter-output>
          </reporter-output>
        </test-method> <!-- searchFlightTest -->
        <test-method signature="isListingPageLoaded()[pri:9, instance:com.ct.qa.testcases.OneWaySearchTestForLoginUser@319b92f3]" started-at="2020-06-20T21:25:15Z" name="isListingPageLoaded" finished-at="2020-06-20T21:25:38Z" duration-ms="23195" status="PASS">
          <reporter-output>
          </reporter-output>
        </test-method> <!-- isListingPageLoaded -->
        <test-method is-config="true" signature="tearDown()[pri:0, instance:com.ct.qa.testcases.OneWaySearchTestForLoginUser@319b92f3]" started-at="2020-06-20T21:25:38Z" name="tearDown" finished-at="2020-06-20T21:25:38Z" duration-ms="111" status="PASS">
          <reporter-output>
          </reporter-output>
        </test-method> <!-- tearDown -->
      </class> <!-- com.ct.qa.testcases.OneWaySearchTestForLoginUser -->
    </test> <!-- NearPayInterviewTest3 -->
  </suite> <!-- Test Automation Test Suite -->
</testng-results>
