<?xml version="1.0" encoding="UTF-8"?>
<testsuite name="TestSuite" time="89.824" tests="17" errors="0" skipped="0" failures="0">
  <properties>
[...]
</properties>
  <testcase name="openLoginPageTest" classname="com.ct.qa.testcases.LoginPageTest" time="1.585"/>
  <testcase name="loginPageTitleTest" classname="com.ct.qa.testcases.LoginPageTest" time="0.945"/>
  <testcase name="loginTest" classname="com.ct.qa.testcases.LoginPageTest" time="0.853"/>
  <testcase name="doFromAndToInputTest" classname="com.ct.qa.testcases.OneWaySearchTest" time="17.997"/>
  <testcase name="doDateSelectionTest" classname="com.ct.qa.testcases.OneWaySearchTest" time="0.885"/>
  <testcase name="doPassangerInputTest" classname="com.ct.qa.testcases.OneWaySearchTest" time="0.225"/>
  <testcase name="searchFlightTest" classname="com.ct.qa.testcases.OneWaySearchTest" time="0.137"/>
  <testcase name="isListingPageLoaded" classname="com.ct.qa.testcases.OneWaySearchTest" time="20.669"/>
  <testcase name="openLoginPageTest" classname="com.ct.qa.testcases.OneWaySearchTestForLoginUser" time="0.241"/>
  <testcase name="loginPageTitleTest" classname="com.ct.qa.testcases.OneWaySearchTestForLoginUser" time="1.159"/>
  <testcase name="loginTest" classname="com.ct.qa.testcases.OneWaySearchTestForLoginUser" time="0.321"/>
  <testcase name="isUserLogin" classname="com.ct.qa.testcases.OneWaySearchTestForLoginUser" time="9.263"/>
  <testcase name="doFromAndToInputTest" classname="com.ct.qa.testcases.OneWaySearchTestForLoginUser" time="6.144"/>
  <testcase name="doDateSelectionTest" classname="com.ct.qa.testcases.OneWaySearchTestForLoginUser" time="0.816"/>
  <testcase name="doPassangerInputTest" classname="com.ct.qa.testcases.OneWaySearchTestForLoginUser" time="0.23"/>
  <testcase name="searchFlightTest" classname="com.ct.qa.testcases.OneWaySearchTestForLoginUser" time="5.16"/>
  <testcase name="isListingPageLoaded" classname="com.ct.qa.testcases.OneWaySearchTestForLoginUser" time="23.194"/>
</testsuite>